Flow report for Servo_IP
Wed Dec 18 00:20:06 2024
Quartus Prime Version 18.1.0 Build 625 09/12/2018 SJ Lite Edition


---------------------
; Table of Contents ;
---------------------
  1. Legal Notice
  2. Flow Summary
  3. Flow Settings
  4. Flow Non-Default Global Settings
  5. Flow Elapsed Time
  6. Flow OS Summary
  7. Flow Log
  8. Flow Messages
  9. Flow Suppressed Messages



----------------
; Legal Notice ;
----------------
Copyright (C) 2018  Intel Corporation. All rights reserved.
Your use of Intel Corporation's design tools, logic functions 
and other software and tools, and its AMPP partner logic 
functions, and any output files from any of the foregoing 
(including device programming or simulation files), and any 
associated documentation or information are expressly subject 
to the terms and conditions of the Intel Program License 
Subscription Agreement, the Intel Quartus Prime License Agreement,
the Intel FPGA IP License Agreement, or other applicable license
agreement, including, without limitation, that your use is for
the sole purpose of programming logic devices manufactured by
Intel and sold by Intel or its authorized distributors.  Please
refer to the applicable agreement for further details.



+----------------------------------------------------------------------------------+
; Flow Summary                                                                     ;
+------------------------------------+---------------------------------------------+
; Flow Status                        ; Successful - Wed Dec 18 00:20:01 2024       ;
; Quartus Prime Version              ; 18.1.0 Build 625 09/12/2018 SJ Lite Edition ;
; Revision Name                      ; Servo_IP                                    ;
; Top-level Entity Name              ; IP_Servo_Avalon                             ;
; Family                             ; MAX 10                                      ;
; Device                             ; 10M50DAF484C7G                              ;
; Timing Models                      ; Final                                       ;
; Total logic elements               ; 126 / 49,760 ( < 1 % )                      ;
;     Total combinational functions  ; 107 / 49,760 ( < 1 % )                      ;
;     Dedicated logic registers      ; 53 / 49,760 ( < 1 % )                       ;
; Total registers                    ; 53                                          ;
; Total pins                         ; 37 / 360 ( 10 % )                           ;
; Total virtual pins                 ; 0                                           ;
; Total memory bits                  ; 0 / 1,677,312 ( 0 % )                       ;
; Embedded Multiplier 9-bit elements ; 4 / 288 ( 1 % )                             ;
; Total PLLs                         ; 0 / 4 ( 0 % )                               ;
; UFM blocks                         ; 0 / 1 ( 0 % )                               ;
; ADC blocks                         ; 0 / 2 ( 0 % )                               ;
+------------------------------------+---------------------------------------------+


+-----------------------------------------+
; Flow Settings                           ;
+-------------------+---------------------+
; Option            ; Setting             ;
+-------------------+---------------------+
; Start date & time ; 12/18/2024 00:19:30 ;
; Main task         ; Compilation         ;
; Revision Name     ; Servo_IP            ;
+-------------------+---------------------+


+-----------------------------------------------------------------------------------------------------------------------------+
; Flow Non-Default Global Settings                                                                                            ;
+-------------------------------------+----------------------------------------+---------------+-----------------+------------+
; Assignment Name                     ; Value                                  ; Default Value ; Entity Name     ; Section Id ;
+-------------------------------------+----------------------------------------+---------------+-----------------+------------+
; COMPILER_SIGNATURE_ID               ; 251053321297390.173447756910300        ; --            ; --              ; --         ;
; MAX_CORE_JUNCTION_TEMP              ; 85                                     ; --            ; --              ; --         ;
; MIN_CORE_JUNCTION_TEMP              ; 0                                      ; --            ; --              ; --         ;
; PARTITION_COLOR                     ; -- (Not supported for targeted family) ; --            ; IP_Servo_Avalon ; Top        ;
; PARTITION_FITTER_PRESERVATION_LEVEL ; -- (Not supported for targeted family) ; --            ; IP_Servo_Avalon ; Top        ;
; PARTITION_NETLIST_TYPE              ; -- (Not supported for targeted family) ; --            ; IP_Servo_Avalon ; Top        ;
; POWER_BOARD_THERMAL_MODEL           ; None (CONSERVATIVE)                    ; --            ; --              ; --         ;
; POWER_PRESET_COOLING_SOLUTION       ; 23 MM HEAT SINK WITH 200 LFPM AIRFLOW  ; --            ; --              ; --         ;
; PROJECT_OUTPUT_DIRECTORY            ; output_files                           ; --            ; --              ; --         ;
; TOP_LEVEL_ENTITY                    ; IP_Servo_Avalon                        ; Servo_IP      ; --              ; --         ;
+-------------------------------------+----------------------------------------+---------------+-----------------+------------+


+--------------------------------------------------------------------------------------------------------------------------+
; Flow Elapsed Time                                                                                                        ;
+----------------------+--------------+-------------------------+---------------------+------------------------------------+
; Module Name          ; Elapsed Time ; Average Processors Used ; Peak Virtual Memory ; Total CPU Time (on all processors) ;
+----------------------+--------------+-------------------------+---------------------+------------------------------------+
; Analysis & Synthesis ; 00:00:15     ; 1.0                     ; 4798 MB             ; 00:00:12                           ;
; Fitter               ; 00:00:12     ; 1.0                     ; 5642 MB             ; 00:00:08                           ;
; Assembler            ; 00:00:03     ; 1.0                     ; 4684 MB             ; 00:00:03                           ;
; Timing Analyzer      ; 00:00:04     ; 1.1                     ; 4823 MB             ; 00:00:03                           ;
; Total                ; 00:00:34     ; --                      ; --                  ; 00:00:26                           ;
+----------------------+--------------+-------------------------+---------------------+------------------------------------+


+------------------------------------------------------------------------------------+
; Flow OS Summary                                                                    ;
+----------------------+------------------+------------+------------+----------------+
; Module Name          ; Machine Hostname ; OS Name    ; OS Version ; Processor type ;
+----------------------+------------------+------------+------------+----------------+
; Analysis & Synthesis ; MAGNETO          ; Windows 10 ; 10.0       ; x86_64         ;
; Fitter               ; MAGNETO          ; Windows 10 ; 10.0       ; x86_64         ;
; Assembler            ; MAGNETO          ; Windows 10 ; 10.0       ; x86_64         ;
; Timing Analyzer      ; MAGNETO          ; Windows 10 ; 10.0       ; x86_64         ;
+----------------------+------------------+------------+------------+----------------+


------------
; Flow Log ;
------------
quartus_map --read_settings_files=on --write_settings_files=off Servo_IP -c Servo_IP
quartus_fit --read_settings_files=off --write_settings_files=off Servo_IP -c Servo_IP
quartus_asm --read_settings_files=off --write_settings_files=off Servo_IP -c Servo_IP
quartus_sta Servo_IP -c Servo_IP



